{
  "uid": "14851841581ae4a3",
  "name": "testEntersInvalidCharactersInLoginField()",
  "fullName": "tests.LoginPageTests.testEntersInvalidCharactersInLoginField",
  "historyId": "3c25c93e38610610bdac2b695165d34",
  "time": {
    "start": 1691409209538,
    "stop": 1691409228617,
    "duration": 19079
  },
  "description": "Ввод некорректных символов в поле Логин",
  "descriptionHtml": "<p>Ввод некорректных символов в поле Логин</p>\n",
  "status": "passed",
  "flaky": false,
  "newFailed": false,
  "newBroken": false,
  "newPassed": false,
  "retriesCount": 0,
  "retriesStatusChange": false,
  "beforeStages": [
    {
      "name": "setup",
      "time": {
        "start": 1691409049765,
        "stop": 1691409049971,
        "duration": 206
      },
      "status": "passed",
      "steps": [],
      "attachments": [],
      "parameters": [],
      "shouldDisplayMessage": false,
      "stepsCount": 0,
      "attachmentsCount": 0,
      "hasContent": false
    },
    {
      "name": "init",
      "time": {
        "start": 1691409049975,
        "stop": 1691409049975,
        "duration": 0
      },
      "status": "passed",
      "steps": [],
      "attachments": [],
      "parameters": [],
      "shouldDisplayMessage": false,
      "stepsCount": 0,
      "attachmentsCount": 0,
      "hasContent": false
    },
    {
      "name": "startDriver",
      "time": {
        "start": 1691409209545,
        "stop": 1691409214863,
        "duration": 5318
      },
      "status": "passed",
      "steps": [
        {
          "name": "Открыть приложение",
          "time": {
            "start": 1691409209546,
            "stop": 1691409214863,
            "duration": 5317
          },
          "status": "passed",
          "steps": [
            {
              "name": "$(\"open\") ",
              "time": {
                "start": 1691409209546,
                "stop": 1691409214863,
                "duration": 5317
              },
              "status": "passed",
              "steps": [],
              "attachments": [],
              "parameters": [],
              "shouldDisplayMessage": false,
              "stepsCount": 0,
              "attachmentsCount": 0,
              "hasContent": false
            }
          ],
          "attachments": [],
          "parameters": [],
          "shouldDisplayMessage": false,
          "stepsCount": 1,
          "attachmentsCount": 0,
          "hasContent": true
        }
      ],
      "attachments": [],
      "parameters": [],
      "shouldDisplayMessage": false,
      "stepsCount": 2,
      "attachmentsCount": 0,
      "hasContent": true
    }
  ],
  "testStage": {
    "description": "Ввод некорректных символов в поле Логин",
    "status": "passed",
    "steps": [
      {
        "name": "Заполняем поле Логин",
        "time": {
          "start": 1691409214864,
          "stop": 1691409217099,
          "duration": 2235
        },
        "status": "passed",
        "steps": [
          {
            "name": "$(\"By.id: com.alfabank.qapp:id/etUsername\") should be(visible)",
            "time": {
              "start": 1691409214864,
              "stop": 1691409216432,
              "duration": 1568
            },
            "status": "passed",
            "steps": [],
            "attachments": [],
            "parameters": [],
            "shouldDisplayMessage": false,
            "stepsCount": 0,
            "attachmentsCount": 0,
            "hasContent": false
          },
          {
            "name": "$(\"By.id: com.alfabank.qapp:id/etUsername\") send keys(@#$%^&*()+=?!\")",
            "time": {
              "start": 1691409216432,
              "stop": 1691409217099,
              "duration": 667
            },
            "status": "passed",
            "steps": [],
            "attachments": [],
            "parameters": [],
            "shouldDisplayMessage": false,
            "stepsCount": 0,
            "attachmentsCount": 0,
            "hasContent": false
          }
        ],
        "attachments": [],
        "parameters": [
          {
            "name": "fieldName",
            "value": "Логин"
          },
          {
            "name": "value",
            "value": "@#$%^&*()+=?!\""
          }
        ],
        "shouldDisplayMessage": false,
        "stepsCount": 2,
        "attachmentsCount": 0,
        "hasContent": true
      },
      {
        "name": "Проверяем что поле заполнено",
        "time": {
          "start": 1691409217808,
          "stop": 1691409217836,
          "duration": 28
        },
        "status": "passed",
        "steps": [
          {
            "name": "$(\"By.id: com.alfabank.qapp:id/etUsername\") get text()",
            "time": {
              "start": 1691409217808,
              "stop": 1691409217836,
              "duration": 28
            },
            "status": "passed",
            "steps": [],
            "attachments": [],
            "parameters": [],
            "shouldDisplayMessage": false,
            "stepsCount": 0,
            "attachmentsCount": 0,
            "hasContent": false
          }
        ],
        "attachments": [],
        "parameters": [
          {
            "name": "expectedText",
            "value": "@#$%^&*()+=?!\""
          },
          {
            "name": "fieldElement",
            "value": "<null class=\"android.widget.EditText\" name=\"@#$%^&*()+=?!\"\">@#$%^&*()+=?!\"</null>"
          }
        ],
        "shouldDisplayMessage": false,
        "stepsCount": 1,
        "attachmentsCount": 0,
        "hasContent": true
      },
      {
        "name": "Видим ошибку после авторизации с неправильным данными",
        "time": {
          "start": 1691409217836,
          "stop": 1691409228301,
          "duration": 10465
        },
        "status": "passed",
        "steps": [
          {
            "name": "$(\"By.id: \") should be(visible)",
            "time": {
              "start": 1691409217836,
              "stop": 1691409228299,
              "duration": 10463
            },
            "status": "failed",
            "statusMessage": "Element not found {By.id: }\nExpected: visible\nScreenshot: file:/Users/punhvunh/Documents/GitHub/qa-mobile/app/build/reports/tests/1691409227903.2.png\nPage source: file:/Users/punhvunh/Documents/GitHub/qa-mobile/app/build/reports/tests/1691409227903.2.html\nTimeout: 10 s.\nCaused by: WebDriverException: An unknown server-side error occurred while processing the command. Original error: Must provide a selector when finding elements",
            "statusTrace": "Element not found {By.id: }\nExpected: visible\nScreenshot: file:/Users/punhvunh/Documents/GitHub/qa-mobile/app/build/reports/tests/1691409227903.2.png\nPage source: file:/Users/punhvunh/Documents/GitHub/qa-mobile/app/build/reports/tests/1691409227903.2.html\nTimeout: 10 s.\nCaused by: WebDriverException: An unknown server-side error occurred while processing the command. Original error: Must provide a selector when finding elements\n\tat com.codeborne.selenide.impl.WebElementSource.createElementNotFoundError(WebElementSource.java:83)\n\tat com.codeborne.selenide.impl.ElementFinder.createElementNotFoundError(ElementFinder.java:122)\n\tat com.codeborne.selenide.impl.WebElementSource.checkCondition(WebElementSource.java:114)\n\tat com.codeborne.selenide.commands.Should.execute(Should.java:30)\n\tat com.codeborne.selenide.commands.Should.execute(Should.java:14)\n\tat com.codeborne.selenide.commands.Commands.execute(Commands.java:157)\n\tat com.codeborne.selenide.impl.SelenideElementProxy.dispatchAndRetry(SelenideElementProxy.java:134)\n\tat com.codeborne.selenide.impl.SelenideElementProxy.invoke(SelenideElementProxy.java:86)\n\tat jdk.proxy3/jdk.proxy3.$Proxy31.shouldBe(Unknown Source)\n\tat locators.pages.BasePage.elementIsVisible(BasePage.java:22)\n\tat locators.pages.LogInPage.seesErrorAfterTryingToLogInUsingIncorrectDataUnderField(LogInPage.java:143)\n\tat tests.LoginPageTests.testEntersInvalidCharactersInLoginField(LoginPageTests.java:104)\n\tat java.base/jdk.internal.reflect.DirectMethodHandleAccessor.invoke(DirectMethodHandleAccessor.java:104)\n\tat java.base/java.lang.reflect.Method.invoke(Method.java:578)\n\tat org.junit.platform.commons.util.ReflectionUtils.invokeMethod(ReflectionUtils.java:728)\n\tat org.junit.jupiter.engine.execution.MethodInvocation.proceed(MethodInvocation.java:60)\n\tat org.junit.jupiter.engine.execution.InvocationInterceptorChain$ValidatingInvocation.proceed(InvocationInterceptorChain.java:131)\n\tat org.junit.jupiter.api.extension.InvocationInterceptor.interceptTestMethod(InvocationInterceptor.java:119)\n\tat org.junit.jupiter.engine.execution.InterceptingExecutableInvoker$ReflectiveInterceptorCall.lambda$ofVoidMethod$0(InterceptingExecutableInvoker.java:103)\n\tat org.junit.jupiter.engine.execution.InterceptingExecutableInvoker.lambda$invoke$0(InterceptingExecutableInvoker.java:93)\n\tat org.junit.jupiter.engine.execution.InvocationInterceptorChain$InterceptedInvocation.proceed(InvocationInterceptorChain.java:106)\n\tat org.junit.jupiter.engine.extension.TimeoutExtension.intercept(TimeoutExtension.java:156)\n\tat org.junit.jupiter.engine.extension.TimeoutExtension.interceptTestableMethod(TimeoutExtension.java:147)\n\tat org.junit.jupiter.engine.extension.TimeoutExtension.interceptTestMethod(TimeoutExtension.java:86)\n\tat org.junit.jupiter.engine.execution.InterceptingExecutableInvoker$ReflectiveInterceptorCall.lambda$ofVoidMethod$0(InterceptingExecutableInvoker.java:103)\n\tat org.junit.jupiter.engine.execution.InterceptingExecutableInvoker.lambda$invoke$0(InterceptingExecutableInvoker.java:93)\n\tat org.junit.jupiter.engine.execution.InvocationInterceptorChain$InterceptedInvocation.proceed(InvocationInterceptorChain.java:106)\n\tat org.junit.jupiter.engine.execution.InvocationInterceptorChain.proceed(InvocationInterceptorChain.java:64)\n\tat org.junit.jupiter.engine.execution.InvocationInterceptorChain.chainAndInvoke(InvocationInterceptorChain.java:45)\n\tat org.junit.jupiter.engine.execution.InvocationInterceptorChain.invoke(InvocationInterceptorChain.java:37)\n\tat org.junit.jupiter.engine.execution.InterceptingExecutableInvoker.invoke(InterceptingExecutableInvoker.java:92)\n\tat org.junit.jupiter.engine.execution.InterceptingExecutableInvoker.invoke(InterceptingExecutableInvoker.java:86)\n\tat org.junit.jupiter.engine.descriptor.TestMethodTestDescriptor.lambda$invokeTestMethod$7(TestMethodTestDescriptor.java:218)\n\tat org.junit.platform.engine.support.hierarchical.ThrowableCollector.execute(ThrowableCollector.java:73)\n\tat org.junit.jupiter.engine.descriptor.TestMethodTestDescriptor.invokeTestMethod(TestMethodTestDescriptor.java:214)\n\tat org.junit.jupiter.engine.descriptor.TestMethodTestDescriptor.execute(TestMethodTestDescriptor.java:139)\n\tat org.junit.jupiter.engine.descriptor.TestMethodTestDescriptor.execute(TestMethodTestDescriptor.java:69)\n\tat org.junit.platform.engine.support.hierarchical.NodeTestTask.lambda$executeRecursively$6(NodeTestTask.java:151)\n\tat org.junit.platform.engine.support.hierarchical.ThrowableCollector.execute(ThrowableCollector.java:73)\n\tat org.junit.platform.engine.support.hierarchical.NodeTestTask.lambda$executeRecursively$8(NodeTestTask.java:141)\n\tat org.junit.platform.engine.support.hierarchical.Node.around(Node.java:137)\n\tat org.junit.platform.engine.support.hierarchical.NodeTestTask.lambda$executeRecursively$9(NodeTestTask.java:139)\n\tat org.junit.platform.engine.support.hierarchical.ThrowableCollector.execute(ThrowableCollector.java:73)\n\tat org.junit.platform.engine.support.hierarchical.NodeTestTask.executeRecursively(NodeTestTask.java:138)\n\tat org.junit.platform.engine.support.hierarchical.NodeTestTask.execute(NodeTestTask.java:95)\n\tat java.base/java.util.ArrayList.forEach(ArrayList.java:1511)\n\tat org.junit.platform.engine.support.hierarchical.SameThreadHierarchicalTestExecutorService.invokeAll(SameThreadHierarchicalTestExecutorService.java:41)\n\tat org.junit.platform.engine.support.hierarchical.NodeTestTask.lambda$executeRecursively$6(NodeTestTask.java:155)\n\tat org.junit.platform.engine.support.hierarchical.ThrowableCollector.execute(ThrowableCollector.java:73)\n\tat org.junit.platform.engine.support.hierarchical.NodeTestTask.lambda$executeRecursively$8(NodeTestTask.java:141)\n\tat org.junit.platform.engine.support.hierarchical.Node.around(Node.java:137)\n\tat org.junit.platform.engine.support.hierarchical.NodeTestTask.lambda$executeRecursively$9(NodeTestTask.java:139)\n\tat org.junit.platform.engine.support.hierarchical.ThrowableCollector.execute(ThrowableCollector.java:73)\n\tat org.junit.platform.engine.support.hierarchical.NodeTestTask.executeRecursively(NodeTestTask.java:138)\n\tat org.junit.platform.engine.support.hierarchical.NodeTestTask.execute(NodeTestTask.java:95)\n\tat java.base/java.util.ArrayList.forEach(ArrayList.java:1511)\n\tat org.junit.platform.engine.support.hierarchical.SameThreadHierarchicalTestExecutorService.invokeAll(SameThreadHierarchicalTestExecutorService.java:41)\n\tat org.junit.platform.engine.support.hierarchical.NodeTestTask.lambda$executeRecursively$6(NodeTestTask.java:155)\n\tat org.junit.platform.engine.support.hierarchical.ThrowableCollector.execute(ThrowableCollector.java:73)\n\tat org.junit.platform.engine.support.hierarchical.NodeTestTask.lambda$executeRecursively$8(NodeTestTask.java:141)\n\tat org.junit.platform.engine.support.hierarchical.Node.around(Node.java:137)\n\tat org.junit.platform.engine.support.hierarchical.NodeTestTask.lambda$executeRecursively$9(NodeTestTask.java:139)\n\tat org.junit.platform.engine.support.hierarchical.ThrowableCollector.execute(ThrowableCollector.java:73)\n\tat org.junit.platform.engine.support.hierarchical.NodeTestTask.executeRecursively(NodeTestTask.java:138)\n\tat org.junit.platform.engine.support.hierarchical.NodeTestTask.execute(NodeTestTask.java:95)\n\tat org.junit.platform.engine.support.hierarchical.SameThreadHierarchicalTestExecutorService.submit(SameThreadHierarchicalTestExecutorService.java:35)\n\tat org.junit.platform.engine.support.hierarchical.HierarchicalTestExecutor.execute(HierarchicalTestExecutor.java:57)\n\tat org.junit.platform.engine.support.hierarchical.HierarchicalTestEngine.execute(HierarchicalTestEngine.java:54)\n\tat org.junit.platform.launcher.core.EngineExecutionOrchestrator.execute(EngineExecutionOrchestrator.java:198)\n\tat org.junit.platform.launcher.core.EngineExecutionOrchestrator.execute(EngineExecutionOrchestrator.java:169)\n\tat org.junit.platform.launcher.core.EngineExecutionOrchestrator.execute(EngineExecutionOrchestrator.java:93)\n\tat org.junit.platform.launcher.core.EngineExecutionOrchestrator.lambda$execute$0(EngineExecutionOrchestrator.java:58)\n\tat org.junit.platform.launcher.core.EngineExecutionOrchestrator.withInterceptedStreams(EngineExecutionOrchestrator.java:141)\n\tat org.junit.platform.launcher.core.EngineExecutionOrchestrator.execute(EngineExecutionOrchestrator.java:57)\n\tat org.junit.platform.launcher.core.DefaultLauncher.execute(DefaultLauncher.java:103)\n\tat org.junit.platform.launcher.core.DefaultLauncher.execute(DefaultLauncher.java:85)\n\tat org.junit.platform.launcher.core.DelegatingLauncher.execute(DelegatingLauncher.java:47)\n\tat org.junit.platform.launcher.core.SessionPerRequestLauncher.execute(SessionPerRequestLauncher.java:63)\n\tat org.gradle.api.internal.tasks.testing.junitplatform.JUnitPlatformTestClassProcessor$CollectAllTestClassesExecutor.processAllTestClasses(JUnitPlatformTestClassProcessor.java:99)\n\tat org.gradle.api.internal.tasks.testing.junitplatform.JUnitPlatformTestClassProcessor$CollectAllTestClassesExecutor.access$000(JUnitPlatformTestClassProcessor.java:79)\n\tat org.gradle.api.internal.tasks.testing.junitplatform.JUnitPlatformTestClassProcessor.stop(JUnitPlatformTestClassProcessor.java:75)\n\tat org.gradle.api.internal.tasks.testing.SuiteTestClassProcessor.stop(SuiteTestClassProcessor.java:61)\n\tat java.base/jdk.internal.reflect.DirectMethodHandleAccessor.invoke(DirectMethodHandleAccessor.java:104)\n\tat java.base/java.lang.reflect.Method.invoke(Method.java:578)\n\tat org.gradle.internal.dispatch.ReflectionDispatch.dispatch(ReflectionDispatch.java:36)\n\tat org.gradle.internal.dispatch.ReflectionDispatch.dispatch(ReflectionDispatch.java:24)\n\tat org.gradle.internal.dispatch.ContextClassLoaderDispatch.dispatch(ContextClassLoaderDispatch.java:33)\n\tat org.gradle.internal.dispatch.ProxyDispatchAdapter$DispatchingInvocationHandler.invoke(ProxyDispatchAdapter.java:94)\n\tat jdk.proxy1/jdk.proxy1.$Proxy2.stop(Unknown Source)\n\tat org.gradle.api.internal.tasks.testing.worker.TestWorker$3.run(TestWorker.java:193)\n\tat org.gradle.api.internal.tasks.testing.worker.TestWorker.executeAndMaintainThreadName(TestWorker.java:129)\n\tat org.gradle.api.internal.tasks.testing.worker.TestWorker.execute(TestWorker.java:100)\n\tat org.gradle.api.internal.tasks.testing.worker.TestWorker.execute(TestWorker.java:60)\n\tat org.gradle.process.internal.worker.child.ActionExecutionWorker.execute(ActionExecutionWorker.java:56)\n\tat org.gradle.process.internal.worker.child.SystemApplicationClassLoaderWorker.call(SystemApplicationClassLoaderWorker.java:133)\n\tat org.gradle.process.internal.worker.child.SystemApplicationClassLoaderWorker.call(SystemApplicationClassLoaderWorker.java:71)\n\tat worker.org.gradle.process.internal.worker.GradleWorkerMain.run(GradleWorkerMain.java:69)\n\tat worker.org.gradle.process.internal.worker.GradleWorkerMain.main(GradleWorkerMain.java:74)\nCaused by: org.openqa.selenium.WebDriverException: An unknown server-side error occurred while processing the command. Original error: Must provide a selector when finding elements\nBuild info: version: '3.141.59', revision: 'e82be7d358', time: '2018-11-14T08:17:03'\nSystem info: host: 'o27012099.local', ip: 'fe80:0:0:0:2c:8886:210c:c814%en0', os.name: 'Mac OS X', os.arch: 'x86_64', os.version: '13.5', java.version: '20.0.2'\nDriver info: io.appium.java_client.android.AndroidDriver\nCapabilities {acceptInsecureCerts: true, acceptSslCerts: true, app: /Users/punhvunh/Documents/G..., appActivity: com.alfabank.qapp.presentat..., appPackage: com.alfabank.qapp, autoGrantPermissions: true, databaseEnabled: false, desired: {acceptInsecureCerts: true, acceptSslCerts: true, app: /Users/punhvunh/Documents/G..., appActivity: com.alfabank.qapp.presentat..., appPackage: com.alfabank.qapp, autoGrantPermissions: true, deviceName: Android 11, handlesAlerts: true, javascriptEnabled: true, pageLoadStrategy: normal, platformName: android, takesScreenshot: true}, deviceApiLevel: 30, deviceManufacturer: Google, deviceModel: sdk_gphone_arm64, deviceName: emulator-5554, deviceScreenDensity: 440, deviceScreenSize: 1080x2220, deviceUDID: emulator-5554, handlesAlerts: true, javascriptEnabled: true, locationContextEnabled: false, networkConnectionEnabled: true, pageLoadStrategy: normal, pixelRatio: 2.75, platform: LINUX, platformName: android, platformVersion: 11, statBarHeight: 66, takesScreenshot: true, viewportRect: {height: 2022, left: 0, top: 66, width: 1080}, warnings: {}, webStorageEnabled: false}\nSession ID: c31f141a-40df-4854-ba6a-9f203807b974\n*** Element info: {Using=id, value=}\n\tat java.base/jdk.internal.reflect.DirectConstructorHandleAccessor.newInstance(DirectConstructorHandleAccessor.java:67)\n\tat java.base/java.lang.reflect.Constructor.newInstanceWithCaller(Constructor.java:500)\n\tat java.base/java.lang.reflect.Constructor.newInstance(Constructor.java:484)\n\tat org.openqa.selenium.remote.http.W3CHttpResponseCodec.createException(W3CHttpResponseCodec.java:187)\n\tat org.openqa.selenium.remote.http.W3CHttpResponseCodec.decode(W3CHttpResponseCodec.java:122)\n\tat org.openqa.selenium.remote.http.W3CHttpResponseCodec.decode(W3CHttpResponseCodec.java:49)\n\tat org.openqa.selenium.remote.HttpCommandExecutor.execute(HttpCommandExecutor.java:158)\n\tat io.appium.java_client.remote.AppiumCommandExecutor.execute(AppiumCommandExecutor.java:250)\n\tat org.openqa.selenium.remote.RemoteWebDriver.execute(RemoteWebDriver.java:552)\n\tat io.appium.java_client.DefaultGenericMobileDriver.execute(DefaultGenericMobileDriver.java:41)\n\tat io.appium.java_client.AppiumDriver.execute(AppiumDriver.java:1)\n\tat io.appium.java_client.android.AndroidDriver.execute(AndroidDriver.java:1)\n\tat org.openqa.selenium.remote.RemoteWebDriver.findElement(RemoteWebDriver.java:323)\n\tat io.appium.java_client.DefaultGenericMobileDriver.findElement(DefaultGenericMobileDriver.java:61)\n\tat io.appium.java_client.AppiumDriver.findElement(AppiumDriver.java:1)\n\tat io.appium.java_client.android.AndroidDriver.findElement(AndroidDriver.java:1)\n\tat org.openqa.selenium.remote.RemoteWebDriver.findElementById(RemoteWebDriver.java:372)\n\tat io.appium.java_client.DefaultGenericMobileDriver.findElementById(DefaultGenericMobileDriver.java:69)\n\tat io.appium.java_client.AppiumDriver.findElementById(AppiumDriver.java:1)\n\tat io.appium.java_client.android.AndroidDriver.findElementById(AndroidDriver.java:1)\n\tat org.openqa.selenium.By$ById.findElement(By.java:188)\n\tat org.openqa.selenium.remote.RemoteWebDriver.findElement(RemoteWebDriver.java:315)\n\tat io.appium.java_client.DefaultGenericMobileDriver.findElement(DefaultGenericMobileDriver.java:57)\n\tat io.appium.java_client.AppiumDriver.findElement(AppiumDriver.java:1)\n\tat io.appium.java_client.android.AndroidDriver.findElement(AndroidDriver.java:1)\n\tat com.codeborne.selenide.impl.WebElementSelector.findElement(WebElementSelector.java:70)\n\tat com.codeborne.selenide.impl.WebElementSelector.findElement(WebElementSelector.java:44)\n\tat com.codeborne.selenide.impl.WebElementSelector.findElement(WebElementSelector.java:33)\n\tat com.codeborne.selenide.impl.ElementFinder.getWebElement(ElementFinder.java:102)\n\tat com.codeborne.selenide.impl.WebElementSource.checkCondition(WebElementSource.java:99)\n\t... 95 more\n",
            "steps": [],
            "attachments": [
              {
                "uid": "84728b5b1f91cf3d",
                "name": "Screenshot",
                "source": "84728b5b1f91cf3d.png",
                "type": "image/png",
                "size": 70944
              },
              {
                "uid": "d672ee18808de220",
                "name": "Page source",
                "source": "d672ee18808de220.html",
                "type": "text/html",
                "size": 9264
              }
            ],
            "parameters": [],
            "shouldDisplayMessage": true,
            "stepsCount": 0,
            "attachmentsCount": 2,
            "hasContent": true
          }
        ],
        "attachments": [],
        "parameters": [
          {
            "name": "errorName",
            "value": "InvalidValue"
          }
        ],
        "shouldDisplayMessage": false,
        "stepsCount": 1,
        "attachmentsCount": 2,
        "hasContent": true
      }
    ],
    "attachments": [],
    "parameters": [],
    "shouldDisplayMessage": false,
    "stepsCount": 7,
    "attachmentsCount": 2,
    "hasContent": true
  },
  "afterStages": [
    {
      "name": "afterEach",
      "time": {
        "start": 1691409228302,
        "stop": 1691409228617,
        "duration": 315
      },
      "status": "passed",
      "steps": [
        {
          "name": "Закрыть приложение",
          "time": {
            "start": 1691409228302,
            "stop": 1691409228617,
            "duration": 315
          },
          "status": "passed",
          "steps": [
            {
              "name": "$(\"webdriver\") close()",
              "time": {
                "start": 1691409228302,
                "stop": 1691409228617,
                "duration": 315
              },
              "status": "passed",
              "steps": [],
              "attachments": [],
              "parameters": [],
              "shouldDisplayMessage": false,
              "stepsCount": 0,
              "attachmentsCount": 0,
              "hasContent": false
            }
          ],
          "attachments": [],
          "parameters": [],
          "shouldDisplayMessage": false,
          "stepsCount": 1,
          "attachmentsCount": 0,
          "hasContent": true
        }
      ],
      "attachments": [],
      "parameters": [],
      "shouldDisplayMessage": false,
      "stepsCount": 2,
      "attachmentsCount": 0,
      "hasContent": true
    }
  ],
  "labels": [
    {
      "name": "junit.platform.uniqueid",
      "value": "[engine:junit-jupiter]/[class:tests.LoginPageTests]/[method:testEntersInvalidCharactersInLoginField()]"
    },
    {
      "name": "host",
      "value": "o27012099.local"
    },
    {
      "name": "thread",
      "value": "2173@o27012099.local.Test worker(1)"
    },
    {
      "name": "framework",
      "value": "junit-platform"
    },
    {
      "name": "language",
      "value": "java"
    },
    {
      "name": "package",
      "value": "tests.LoginPageTests"
    },
    {
      "name": "testClass",
      "value": "tests.LoginPageTests"
    },
    {
      "name": "testMethod",
      "value": "testEntersInvalidCharactersInLoginField"
    },
    {
      "name": "suite",
      "value": "tests.LoginPageTests"
    },
    {
      "name": "resultFormat",
      "value": "allure2"
    }
  ],
  "parameters": [],
  "links": [],
  "hidden": false,
  "retry": false,
  "extra": {
    "severity": "normal",
    "retries": [],
    "categories": [],
    "tags": []
  },
  "source": "14851841581ae4a3.json",
  "parameterValues": []
}