{
  "uid": "988d90a5f726f656",
  "name": "testLoginPageScreenshotFail()",
  "fullName": "tests.ScreenshotTests.testLoginPageScreenshotFail",
  "historyId": "db852d0e2d4286e20048adc239fb5914",
  "time": {
    "start": 1691474598202,
    "stop": 1691474611819,
    "duration": 13617
  },
  "description": "",
  "status": "broken",
  "statusMessage": "Image with path = src/test/resources/expectedScreenshots/testLoginPageScreenshot.png not found",
  "statusTrace": "com.github.romankh3.image.comparison.exception.ImageNotFoundException: Image with path = src/test/resources/expectedScreenshots/testLoginPageScreenshot.png not found\n\tat com.github.romankh3.image.comparison.ImageComparisonUtil.readImageFromResources(ImageComparisonUtil.java:61)\n\tat tests.BaseTest.assertScreenshot(BaseTest.java:69)\n\tat tests.ScreenshotTests.testLoginPageScreenshotFail(ScreenshotTests.java:47)\n\tat java.base/java.lang.reflect.Method.invoke(Unknown Source)\n\tat java.base/java.util.ArrayList.forEach(Unknown Source)\n\tat java.base/java.util.ArrayList.forEach(Unknown Source)\n",
  "flaky": false,
  "newFailed": false,
  "newBroken": false,
  "newPassed": false,
  "retriesCount": 1,
  "retriesStatusChange": false,
  "beforeStages": [
    {
      "name": "setup",
      "time": {
        "start": 1691474593128,
        "stop": 1691474593170,
        "duration": 42
      },
      "status": "passed",
      "steps": [],
      "attachments": [],
      "parameters": [],
      "shouldDisplayMessage": false,
      "stepsCount": 0,
      "attachmentsCount": 0,
      "hasContent": false
    },
    {
      "name": "startDriver",
      "time": {
        "start": 1691474598204,
        "stop": 1691474609772,
        "duration": 11568
      },
      "status": "passed",
      "steps": [
        {
          "name": "Открыть приложение",
          "time": {
            "start": 1691474598214,
            "stop": 1691474609772,
            "duration": 11558
          },
          "status": "passed",
          "steps": [
            {
              "name": "$(\"open\") ",
              "time": {
                "start": 1691474598249,
                "stop": 1691474609772,
                "duration": 11523
              },
              "status": "passed",
              "steps": [],
              "attachments": [],
              "parameters": [],
              "shouldDisplayMessage": false,
              "stepsCount": 0,
              "attachmentsCount": 0,
              "hasContent": false
            }
          ],
          "attachments": [],
          "parameters": [],
          "shouldDisplayMessage": false,
          "stepsCount": 1,
          "attachmentsCount": 0,
          "hasContent": true
        }
      ],
      "attachments": [],
      "parameters": [],
      "shouldDisplayMessage": false,
      "stepsCount": 2,
      "attachmentsCount": 0,
      "hasContent": true
    },
    {
      "name": "init",
      "time": {
        "start": 1691474609775,
        "stop": 1691474609775,
        "duration": 0
      },
      "status": "passed",
      "steps": [],
      "attachments": [],
      "parameters": [],
      "shouldDisplayMessage": false,
      "stepsCount": 0,
      "attachmentsCount": 0,
      "hasContent": false
    }
  ],
  "testStage": {
    "description": "",
    "status": "broken",
    "statusMessage": "Image with path = src/test/resources/expectedScreenshots/testLoginPageScreenshot.png not found",
    "statusTrace": "com.github.romankh3.image.comparison.exception.ImageNotFoundException: Image with path = src/test/resources/expectedScreenshots/testLoginPageScreenshot.png not found\n\tat com.github.romankh3.image.comparison.ImageComparisonUtil.readImageFromResources(ImageComparisonUtil.java:61)\n\tat tests.BaseTest.assertScreenshot(BaseTest.java:69)\n\tat tests.ScreenshotTests.testLoginPageScreenshotFail(ScreenshotTests.java:47)\n\tat java.base/java.lang.reflect.Method.invoke(Unknown Source)\n\tat java.base/java.util.ArrayList.forEach(Unknown Source)\n\tat java.base/java.util.ArrayList.forEach(Unknown Source)\n",
    "steps": [
      {
        "name": "$(\"By.xpath: //hierarchy//android.widget.FrameLayout//android.view.ViewGroup\") screenshot()",
        "time": {
          "start": 1691474609806,
          "stop": 1691474611463,
          "duration": 1657
        },
        "status": "passed",
        "steps": [],
        "attachments": [],
        "parameters": [],
        "shouldDisplayMessage": false,
        "stepsCount": 0,
        "attachmentsCount": 0,
        "hasContent": false
      }
    ],
    "attachments": [],
    "parameters": [],
    "shouldDisplayMessage": true,
    "stepsCount": 1,
    "attachmentsCount": 0,
    "hasContent": true
  },
  "afterStages": [
    {
      "name": "afterEach",
      "time": {
        "start": 1691474611466,
        "stop": 1691474611813,
        "duration": 347
      },
      "status": "passed",
      "steps": [
        {
          "name": "Закрыть приложение",
          "time": {
            "start": 1691474611466,
            "stop": 1691474611813,
            "duration": 347
          },
          "status": "passed",
          "steps": [
            {
              "name": "$(\"webdriver\") close()",
              "time": {
                "start": 1691474611466,
                "stop": 1691474611813,
                "duration": 347
              },
              "status": "passed",
              "steps": [],
              "attachments": [],
              "parameters": [],
              "shouldDisplayMessage": false,
              "stepsCount": 0,
              "attachmentsCount": 0,
              "hasContent": false
            }
          ],
          "attachments": [],
          "parameters": [],
          "shouldDisplayMessage": false,
          "stepsCount": 1,
          "attachmentsCount": 0,
          "hasContent": true
        }
      ],
      "attachments": [],
      "parameters": [],
      "shouldDisplayMessage": false,
      "stepsCount": 2,
      "attachmentsCount": 0,
      "hasContent": true
    }
  ],
  "labels": [
    {
      "name": "junit.platform.uniqueid",
      "value": "[engine:junit-jupiter]/[class:tests.ScreenshotTests]/[method:testLoginPageScreenshotFail()]"
    },
    {
      "name": "host",
      "value": "o27012099.local"
    },
    {
      "name": "thread",
      "value": "1987@o27012099.local.Test worker(1)"
    },
    {
      "name": "framework",
      "value": "junit-platform"
    },
    {
      "name": "language",
      "value": "java"
    },
    {
      "name": "package",
      "value": "tests.ScreenshotTests"
    },
    {
      "name": "testClass",
      "value": "tests.ScreenshotTests"
    },
    {
      "name": "testMethod",
      "value": "testLoginPageScreenshotFail"
    },
    {
      "name": "suite",
      "value": "tests.ScreenshotTests"
    },
    {
      "name": "resultFormat",
      "value": "allure2"
    }
  ],
  "parameters": [],
  "links": [],
  "hidden": false,
  "retry": false,
  "extra": {
    "severity": "normal",
    "retries": [
      {
        "uid": "ccf3dfab4fd2ec4f",
        "status": "broken",
        "statusDetails": "Image with path = src/test/resources/expectedScreenshots/testLoginPageScreenshot.png not found",
        "time": {
          "start": 1691409346349,
          "stop": 1691409354595,
          "duration": 8246
        }
      }
    ],
    "categories": [
      {
        "name": "Test defects",
        "matchedStatuses": [],
        "flaky": false
      }
    ],
    "tags": []
  },
  "source": "988d90a5f726f656.json",
  "parameterValues": []
}